<?xml version="1.0" encoding="UTF-8"?>
<!-- Generated by org.testng.reporters.JUnitReportReporter -->
<testsuite skipped="0" hostname="MacBook-Air-de-Marthe.local" name="fr.ag2.testcases.TestCase" tests="2" failures="0" timestamp="2020-10-11T14:19:04 CEST" time="44.971" errors="0">
  <testcase name="loginTest" time="22.514" classname="fr.ag2.testcases.TestCase"/>
  <system-out/>
  <testcase name="loginTest" time="22.457" classname="fr.ag2.testcases.TestCase"/>
  <system-out/>
</testsuite> <!-- fr.ag2.testcases.TestCase -->
