<?xml version="1.0" encoding="UTF-8"?>
<!-- Generated by org.testng.reporters.JUnitReportReporter -->
<testsuite skipped="0" hostname="MacBook-Air-de-Marthe.local" name="fr.ag2.testcases.TestCase2" tests="2" failures="0" timestamp="2020-10-11T14:19:09 CEST" time="37.304" errors="0">
  <testcase name="loginTest2" time="18.596" classname="fr.ag2.testcases.TestCase2"/>
  <system-out/>
  <testcase name="loginTest2" time="18.708" classname="fr.ag2.testcases.TestCase2"/>
  <system-out/>
</testsuite> <!-- fr.ag2.testcases.TestCase2 -->
